This file contains any messages produced by compilers while
running configure, to aid debugging if configure makes a mistake.

It was created by configure, which was
generated by GNU Autoconf 2.59.  Invocation command line was

  $ ./configure --with-apxs=/bottlenecks/rubbos/app/apache2/bin/apxs --enable-jni --with-java-home=/bottlenecks/rubbos/app/jdk1.6.0_27

## --------- ##
## Platform. ##
## --------- ##

hostname = ubuntu
uname -m = x86_64
uname -r = 3.16.0-30-generic
uname -s = Linux
uname -v = #40~14.04.1-Ubuntu SMP Thu Jan 15 17:43:14 UTC 2015

/usr/bin/uname -p = unknown
/bin/uname -X     = unknown

/bin/arch              = unknown
/usr/bin/arch -k       = unknown
/usr/convex/getsysinfo = unknown
hostinfo               = unknown
/bin/machine           = unknown
/usr/bin/oslevel       = unknown
/bin/universe          = unknown

PATH: /bottlenecks/rubbos/app/jdk1.6.0_27/bin
PATH: /bin/unix
PATH: /bottlenecks/rubbos/app/apache-ant-1.6.5/bin
PATH: /bottlenecks/rubbos/app/apache-tomcat-5.5.17/bin
PATH: /usr/local/sbin
PATH: /usr/local/bin
PATH: /usr/sbin
PATH: /usr/bin
PATH: /sbin
PATH: /bin
PATH: /usr/games
PATH: /usr/local/games


## ----------- ##
## Core tests. ##
## ----------- ##

configure:1558: checking build system type
configure:1576: result: x86_64-unknown-linux-gnu
configure:1584: checking host system type
configure:1598: result: x86_64-unknown-linux-gnu
configure:1606: checking target system type
configure:1620: result: x86_64-unknown-linux-gnu
configure:1652: checking for a BSD-compatible install
configure:1707: result: /usr/bin/install -c
configure:1718: checking whether build environment is sane
configure:1761: result: yes
configure:1826: checking for gawk
configure:1842: found /usr/bin/gawk
configure:1852: result: gawk
configure:1862: checking whether make sets $(MAKE)
configure:1882: result: yes
configure:2126: checking for test
configure:2144: found /usr/bin/test
configure:2157: result: /usr/bin/test
configure:2167: checking for rm
configure:2185: found /bin/rm
configure:2198: result: /bin/rm
configure:2208: checking for grep
configure:2226: found /bin/grep
configure:2239: result: /bin/grep
configure:2249: checking for echo
configure:2267: found /bin/echo
configure:2280: result: /bin/echo
configure:2290: checking for sed
configure:2308: found /bin/sed
configure:2321: result: /bin/sed
configure:2331: checking for cp
configure:2349: found /bin/cp
configure:2362: result: /bin/cp
configure:2372: checking for mkdir
configure:2390: found /bin/mkdir
configure:2403: result: /bin/mkdir
configure:2431: result: need to check for Perl first, apxs depends on it...
configure:2435: checking for perl
configure:2453: found /usr/bin/perl
configure:2466: result: /usr/bin/perl
configure:2551: result: APRINCLUDEDIR is  -I/bottlenecks/rubbos/app/httpd-2.0.64/srclib/apr/include -I/bottlenecks/rubbos/app/httpd-2.0.64/srclib/apr-util/include
configure:2560: result: building connector for "apache-2.0"
configure:2629: checking for gcc
configure:2655: result: gcc
configure:2899: checking for C compiler version
configure:2902: gcc --version </dev/null >&5
gcc (Ubuntu 4.8.4-2ubuntu1~14.04) 4.8.4
Copyright (C) 2013 Free Software Foundation, Inc.
This is free software; see the source for copying conditions.  There is NO
warranty; not even for MERCHANTABILITY or FITNESS FOR A PARTICULAR PURPOSE.

configure:2905: $? = 0
configure:2907: gcc -v </dev/null >&5
Using built-in specs.
COLLECT_GCC=gcc
COLLECT_LTO_WRAPPER=/usr/lib/gcc/x86_64-linux-gnu/4.8/lto-wrapper
Target: x86_64-linux-gnu
Configured with: ../src/configure -v --with-pkgversion='Ubuntu 4.8.4-2ubuntu1~14.04' --with-bugurl=file:///usr/share/doc/gcc-4.8/README.Bugs --enable-languages=c,c++,java,go,d,fortran,objc,obj-c++ --prefix=/usr --program-suffix=-4.8 --enable-shared --enable-linker-build-id --libexecdir=/usr/lib --without-included-gettext --enable-threads=posix --with-gxx-include-dir=/usr/include/c++/4.8 --libdir=/usr/lib --enable-nls --with-sysroot=/ --enable-clocale=gnu --enable-libstdcxx-debug --enable-libstdcxx-time=yes --enable-gnu-unique-object --disable-libmudflap --enable-plugin --with-system-zlib --disable-browser-plugin --enable-java-awt=gtk --enable-gtk-cairo --with-java-home=/usr/lib/jvm/java-1.5.0-gcj-4.8-amd64/jre --enable-java-home --with-jvm-root-dir=/usr/lib/jvm/java-1.5.0-gcj-4.8-amd64 --with-jvm-jar-dir=/usr/lib/jvm-exports/java-1.5.0-gcj-4.8-amd64 --with-arch-directory=amd64 --with-ecj-jar=/usr/share/java/eclipse-ecj.jar --enable-objc-gc --enable-multiarch --disable-werror --with-arch-32=i686 --with-abi=m64 --with-multilib-list=m32,m64,mx32 --with-tune=generic --enable-checking=release --build=x86_64-linux-gnu --host=x86_64-linux-gnu --target=x86_64-linux-gnu
Thread model: posix
gcc version 4.8.4 (Ubuntu 4.8.4-2ubuntu1~14.04) 
configure:2910: $? = 0
configure:2912: gcc -V </dev/null >&5
gcc: error: unrecognized command line option '-V'
gcc: fatal error: no input files
compilation terminated.
configure:2915: $? = 4
configure:2938: checking for C compiler default output file name
configure:2941: gcc  -DHAVE_CONFIG_H   conftest.c  >&5
configure:2944: $? = 0
configure:2990: result: a.out
configure:2995: checking whether the C compiler works
configure:3001: ./a.out
configure:3004: $? = 0
configure:3021: result: yes
configure:3028: checking whether we are cross compiling
configure:3030: result: no
configure:3033: checking for suffix of executables
configure:3035: gcc -o conftest  -DHAVE_CONFIG_H   conftest.c  >&5
configure:3038: $? = 0
configure:3063: result: 
configure:3069: checking for suffix of object files
configure:3090: gcc -c  -DHAVE_CONFIG_H  conftest.c >&5
configure:3093: $? = 0
configure:3115: result: o
configure:3119: checking whether we are using the GNU C compiler
configure:3143: gcc -c  -DHAVE_CONFIG_H  conftest.c >&5
configure:3149: $? = 0
configure:3153: test -z 
			 || test ! -s conftest.err
configure:3156: $? = 0
configure:3159: test -s conftest.o
configure:3162: $? = 0
configure:3175: result: yes
configure:3181: checking whether gcc accepts -g
configure:3202: gcc -c -g  conftest.c >&5
configure:3208: $? = 0
configure:3212: test -z 
			 || test ! -s conftest.err
configure:3215: $? = 0
configure:3218: test -s conftest.o
configure:3221: $? = 0
configure:3232: result: yes
configure:3249: checking for gcc option to accept ANSI C
configure:3319: gcc  -c  -DHAVE_CONFIG_H  conftest.c >&5
configure:3325: $? = 0
configure:3329: test -z 
			 || test ! -s conftest.err
configure:3332: $? = 0
configure:3335: test -s conftest.o
configure:3338: $? = 0
configure:3356: result: none needed
configure:3374: gcc -c  -DHAVE_CONFIG_H  conftest.c >&5
conftest.c:2:3: error: unknown type name 'choke'
   choke me
   ^
conftest.c:2:3: error: expected '=', ',', ';', 'asm' or '__attribute__' at end of input
configure:3380: $? = 1
configure: failed program was:
| #ifndef __cplusplus
|   choke me
| #endif
configure:3524: checking for style of include used by make
configure:3552: result: GNU
configure:3580: checking dependency style of gcc
configure:3670: result: none
configure:3687: checking for a sed that does not truncate output
configure:3741: result: /bin/sed
configure:3744: checking for egrep
configure:3754: result: grep -E
configure:3770: checking for ld used by gcc
configure:3837: result: /usr/bin/ld
configure:3846: checking if the linker (/usr/bin/ld) is GNU ld
configure:3861: result: yes
configure:3944: checking for /usr/bin/ld option to reload object files
configure:3951: result: -r
configure:3960: checking for BSD-compatible nm
configure:4002: result: /usr/bin/nm -B
configure:4006: checking whether ln -s works
configure:4010: result: yes
configure:4017: checking how to recognise dependent libraries
configure:4200: result: pass_all
configure:4285: gcc -c  -DHAVE_CONFIG_H  conftest.c >&5
configure:4288: $? = 0
configure:4414: checking how to run the C preprocessor
configure:4449: gcc -E  conftest.c
configure:4455: $? = 0
configure:4487: gcc -E  conftest.c
conftest.c:11:28: fatal error: ac_nonexistent.h: No such file or directory
 #include <ac_nonexistent.h>
                            ^
compilation terminated.
configure:4493: $? = 1
configure: failed program was:
| /* confdefs.h.  */
| 
| #define PACKAGE_NAME ""
| #define PACKAGE_TARNAME ""
| #define PACKAGE_VERSION ""
| #define PACKAGE_STRING ""
| #define PACKAGE_BUGREPORT ""
| #define PACKAGE "mod_jk"
| #define VERSION "1.2.32"
| /* end confdefs.h.  */
| #include <ac_nonexistent.h>
configure:4532: result: gcc -E
configure:4556: gcc -E  conftest.c
configure:4562: $? = 0
configure:4594: gcc -E  conftest.c
conftest.c:11:28: fatal error: ac_nonexistent.h: No such file or directory
 #include <ac_nonexistent.h>
                            ^
compilation terminated.
configure:4600: $? = 1
configure: failed program was:
| /* confdefs.h.  */
| 
| #define PACKAGE_NAME ""
| #define PACKAGE_TARNAME ""
| #define PACKAGE_VERSION ""
| #define PACKAGE_STRING ""
| #define PACKAGE_BUGREPORT ""
| #define PACKAGE "mod_jk"
| #define VERSION "1.2.32"
| /* end confdefs.h.  */
| #include <ac_nonexistent.h>
configure:4644: checking for ANSI C header files
configure:4669: gcc -c  -DHAVE_CONFIG_H  conftest.c >&5
configure:4675: $? = 0
configure:4679: test -z 
			 || test ! -s conftest.err
configure:4682: $? = 0
configure:4685: test -s conftest.o
configure:4688: $? = 0
configure:4777: gcc -o conftest  -DHAVE_CONFIG_H   conftest.c  >&5
conftest.c: In function 'main':
conftest.c:28:7: warning: incompatible implicit declaration of built-in function 'exit' [enabled by default]
       exit(2);
       ^
configure:4780: $? = 0
configure:4782: ./conftest
configure:4785: $? = 0
configure:4800: result: yes
configure:4824: checking for sys/types.h
configure:4840: gcc -c  -DHAVE_CONFIG_H  conftest.c >&5
configure:4846: $? = 0
configure:4850: test -z 
			 || test ! -s conftest.err
configure:4853: $? = 0
configure:4856: test -s conftest.o
configure:4859: $? = 0
configure:4870: result: yes
configure:4824: checking for sys/stat.h
configure:4840: gcc -c  -DHAVE_CONFIG_H  conftest.c >&5
configure:4846: $? = 0
configure:4850: test -z 
			 || test ! -s conftest.err
configure:4853: $? = 0
configure:4856: test -s conftest.o
configure:4859: $? = 0
configure:4870: result: yes
configure:4824: checking for stdlib.h
configure:4840: gcc -c  -DHAVE_CONFIG_H  conftest.c >&5
configure:4846: $? = 0
configure:4850: test -z 
			 || test ! -s conftest.err
configure:4853: $? = 0
configure:4856: test -s conftest.o
configure:4859: $? = 0
configure:4870: result: yes
configure:4824: checking for string.h
configure:4840: gcc -c  -DHAVE_CONFIG_H  conftest.c >&5
configure:4846: $? = 0
configure:4850: test -z 
			 || test ! -s conftest.err
configure:4853: $? = 0
configure:4856: test -s conftest.o
configure:4859: $? = 0
configure:4870: result: yes
configure:4824: checking for memory.h
configure:4840: gcc -c  -DHAVE_CONFIG_H  conftest.c >&5
configure:4846: $? = 0
configure:4850: test -z 
			 || test ! -s conftest.err
configure:4853: $? = 0
configure:4856: test -s conftest.o
configure:4859: $? = 0
configure:4870: result: yes
configure:4824: checking for strings.h
configure:4840: gcc -c  -DHAVE_CONFIG_H  conftest.c >&5
configure:4846: $? = 0
configure:4850: test -z 
			 || test ! -s conftest.err
configure:4853: $? = 0
configure:4856: test -s conftest.o
configure:4859: $? = 0
configure:4870: result: yes
configure:4824: checking for inttypes.h
configure:4840: gcc -c  -DHAVE_CONFIG_H  conftest.c >&5
configure:4846: $? = 0
configure:4850: test -z 
			 || test ! -s conftest.err
configure:4853: $? = 0
configure:4856: test -s conftest.o
configure:4859: $? = 0
configure:4870: result: yes
configure:4824: checking for stdint.h
configure:4840: gcc -c  -DHAVE_CONFIG_H  conftest.c >&5
configure:4846: $? = 0
configure:4850: test -z 
			 || test ! -s conftest.err
configure:4853: $? = 0
configure:4856: test -s conftest.o
configure:4859: $? = 0
configure:4870: result: yes
configure:4824: checking for unistd.h
configure:4840: gcc -c  -DHAVE_CONFIG_H  conftest.c >&5
configure:4846: $? = 0
configure:4850: test -z 
			 || test ! -s conftest.err
configure:4853: $? = 0
configure:4856: test -s conftest.o
configure:4859: $? = 0
configure:4870: result: yes
configure:4896: checking dlfcn.h usability
configure:4908: gcc -c  -DHAVE_CONFIG_H  conftest.c >&5
configure:4914: $? = 0
configure:4918: test -z 
			 || test ! -s conftest.err
configure:4921: $? = 0
configure:4924: test -s conftest.o
configure:4927: $? = 0
configure:4937: result: yes
configure:4941: checking dlfcn.h presence
configure:4951: gcc -E  conftest.c
configure:4957: $? = 0
configure:4977: result: yes
configure:5012: checking for dlfcn.h
configure:5019: result: yes
configure:5084: checking for g++
configure:5100: found /usr/bin/g++
configure:5110: result: g++
configure:5126: checking for C++ compiler version
configure:5129: g++ --version </dev/null >&5
g++ (Ubuntu 4.8.4-2ubuntu1~14.04) 4.8.4
Copyright (C) 2013 Free Software Foundation, Inc.
This is free software; see the source for copying conditions.  There is NO
warranty; not even for MERCHANTABILITY or FITNESS FOR A PARTICULAR PURPOSE.

configure:5132: $? = 0
configure:5134: g++ -v </dev/null >&5
Using built-in specs.
COLLECT_GCC=g++
COLLECT_LTO_WRAPPER=/usr/lib/gcc/x86_64-linux-gnu/4.8/lto-wrapper
Target: x86_64-linux-gnu
Configured with: ../src/configure -v --with-pkgversion='Ubuntu 4.8.4-2ubuntu1~14.04' --with-bugurl=file:///usr/share/doc/gcc-4.8/README.Bugs --enable-languages=c,c++,java,go,d,fortran,objc,obj-c++ --prefix=/usr --program-suffix=-4.8 --enable-shared --enable-linker-build-id --libexecdir=/usr/lib --without-included-gettext --enable-threads=posix --with-gxx-include-dir=/usr/include/c++/4.8 --libdir=/usr/lib --enable-nls --with-sysroot=/ --enable-clocale=gnu --enable-libstdcxx-debug --enable-libstdcxx-time=yes --enable-gnu-unique-object --disable-libmudflap --enable-plugin --with-system-zlib --disable-browser-plugin --enable-java-awt=gtk --enable-gtk-cairo --with-java-home=/usr/lib/jvm/java-1.5.0-gcj-4.8-amd64/jre --enable-java-home --with-jvm-root-dir=/usr/lib/jvm/java-1.5.0-gcj-4.8-amd64 --with-jvm-jar-dir=/usr/lib/jvm-exports/java-1.5.0-gcj-4.8-amd64 --with-arch-directory=amd64 --with-ecj-jar=/usr/share/java/eclipse-ecj.jar --enable-objc-gc --enable-multiarch --disable-werror --with-arch-32=i686 --with-abi=m64 --with-multilib-list=m32,m64,mx32 --with-tune=generic --enable-checking=release --build=x86_64-linux-gnu --host=x86_64-linux-gnu --target=x86_64-linux-gnu
Thread model: posix
gcc version 4.8.4 (Ubuntu 4.8.4-2ubuntu1~14.04) 
configure:5137: $? = 0
configure:5139: g++ -V </dev/null >&5
g++: error: unrecognized command line option '-V'
g++: fatal error: no input files
compilation terminated.
configure:5142: $? = 4
configure:5145: checking whether we are using the GNU C++ compiler
configure:5169: g++ -c   conftest.cc >&5
configure:5175: $? = 0
configure:5179: test -z 
			 || test ! -s conftest.err
configure:5182: $? = 0
configure:5185: test -s conftest.o
configure:5188: $? = 0
configure:5201: result: yes
configure:5207: checking whether g++ accepts -g
configure:5228: g++ -c -g  conftest.cc >&5
configure:5234: $? = 0
configure:5238: test -z 
			 || test ! -s conftest.err
configure:5241: $? = 0
configure:5244: test -s conftest.o
configure:5247: $? = 0
configure:5258: result: yes
configure:5300: g++ -c -g -O2  conftest.cc >&5
configure:5306: $? = 0
configure:5310: test -z 
			 || test ! -s conftest.err
configure:5313: $? = 0
configure:5316: test -s conftest.o
configure:5319: $? = 0
configure:5345: g++ -c -g -O2  conftest.cc >&5
conftest.cc: In function 'int main()':
conftest.cc:26:9: error: 'exit' was not declared in this scope
 exit (42);
         ^
configure:5351: $? = 1
configure: failed program was:
| /* confdefs.h.  */
| 
| #define PACKAGE_NAME ""
| #define PACKAGE_TARNAME ""
| #define PACKAGE_VERSION ""
| #define PACKAGE_STRING ""
| #define PACKAGE_BUGREPORT ""
| #define PACKAGE "mod_jk"
| #define VERSION "1.2.32"
| #define STDC_HEADERS 1
| #define HAVE_SYS_TYPES_H 1
| #define HAVE_SYS_STAT_H 1
| #define HAVE_STDLIB_H 1
| #define HAVE_STRING_H 1
| #define HAVE_MEMORY_H 1
| #define HAVE_STRINGS_H 1
| #define HAVE_INTTYPES_H 1
| #define HAVE_STDINT_H 1
| #define HAVE_UNISTD_H 1
| #define HAVE_DLFCN_H 1
| /* end confdefs.h.  */
| 
| int
| main ()
| {
| exit (42);
|   ;
|   return 0;
| }
configure:5300: g++ -c -g -O2  conftest.cc >&5
conftest.cc:22:40: error: 'void std::exit(int)' should have been declared inside 'std'
 extern "C" void std::exit (int) throw (); using std::exit;
                                        ^
configure:5306: $? = 1
configure: failed program was:
| /* confdefs.h.  */
| 
| #define PACKAGE_NAME ""
| #define PACKAGE_TARNAME ""
| #define PACKAGE_VERSION ""
| #define PACKAGE_STRING ""
| #define PACKAGE_BUGREPORT ""
| #define PACKAGE "mod_jk"
| #define VERSION "1.2.32"
| #define STDC_HEADERS 1
| #define HAVE_SYS_TYPES_H 1
| #define HAVE_SYS_STAT_H 1
| #define HAVE_STDLIB_H 1
| #define HAVE_STRING_H 1
| #define HAVE_MEMORY_H 1
| #define HAVE_STRINGS_H 1
| #define HAVE_INTTYPES_H 1
| #define HAVE_STDINT_H 1
| #define HAVE_UNISTD_H 1
| #define HAVE_DLFCN_H 1
| /* end confdefs.h.  */
| extern "C" void std::exit (int) throw (); using std::exit;
| #include <stdlib.h>
| int
| main ()
| {
| exit (42);
|   ;
|   return 0;
| }
configure:5300: g++ -c -g -O2  conftest.cc >&5
conftest.cc:22:31: error: 'void std::exit(int)' should have been declared inside 'std'
 extern "C" void std::exit (int); using std::exit;
                               ^
In file included from conftest.cc:23:0:
/usr/include/stdlib.h:543:70: error: declaration of 'void std::exit(int) throw ()' has a different exception specifier
 extern void exit (int __status) __THROW __attribute__ ((__noreturn__));
                                                                      ^
conftest.cc:22:17: error: from previous declaration 'void std::exit(int)'
 extern "C" void std::exit (int); using std::exit;
                 ^
configure:5306: $? = 1
configure: failed program was:
| /* confdefs.h.  */
| 
| #define PACKAGE_NAME ""
| #define PACKAGE_TARNAME ""
| #define PACKAGE_VERSION ""
| #define PACKAGE_STRING ""
| #define PACKAGE_BUGREPORT ""
| #define PACKAGE "mod_jk"
| #define VERSION "1.2.32"
| #define STDC_HEADERS 1
| #define HAVE_SYS_TYPES_H 1
| #define HAVE_SYS_STAT_H 1
| #define HAVE_STDLIB_H 1
| #define HAVE_STRING_H 1
| #define HAVE_MEMORY_H 1
| #define HAVE_STRINGS_H 1
| #define HAVE_INTTYPES_H 1
| #define HAVE_STDINT_H 1
| #define HAVE_UNISTD_H 1
| #define HAVE_DLFCN_H 1
| /* end confdefs.h.  */
| extern "C" void std::exit (int); using std::exit;
| #include <stdlib.h>
| int
| main ()
| {
| exit (42);
|   ;
|   return 0;
| }
configure:5300: g++ -c -g -O2  conftest.cc >&5
configure:5306: $? = 0
configure:5310: test -z 
			 || test ! -s conftest.err
configure:5313: $? = 0
configure:5316: test -s conftest.o
configure:5319: $? = 0
configure:5345: g++ -c -g -O2  conftest.cc >&5
configure:5351: $? = 0
configure:5355: test -z 
			 || test ! -s conftest.err
configure:5358: $? = 0
configure:5361: test -s conftest.o
configure:5364: $? = 0
configure:5389: checking dependency style of g++
configure:5479: result: none
configure:5501: checking how to run the C++ preprocessor
configure:5532: g++ -E  conftest.cc
configure:5538: $? = 0
configure:5570: g++ -E  conftest.cc
conftest.cc:25:28: fatal error: ac_nonexistent.h: No such file or directory
 #include <ac_nonexistent.h>
                            ^
compilation terminated.
configure:5576: $? = 1
configure: failed program was:
| /* confdefs.h.  */
| 
| #define PACKAGE_NAME ""
| #define PACKAGE_TARNAME ""
| #define PACKAGE_VERSION ""
| #define PACKAGE_STRING ""
| #define PACKAGE_BUGREPORT ""
| #define PACKAGE "mod_jk"
| #define VERSION "1.2.32"
| #define STDC_HEADERS 1
| #define HAVE_SYS_TYPES_H 1
| #define HAVE_SYS_STAT_H 1
| #define HAVE_STDLIB_H 1
| #define HAVE_STRING_H 1
| #define HAVE_MEMORY_H 1
| #define HAVE_STRINGS_H 1
| #define HAVE_INTTYPES_H 1
| #define HAVE_STDINT_H 1
| #define HAVE_UNISTD_H 1
| #define HAVE_DLFCN_H 1
| #ifdef __cplusplus
| extern "C" void exit (int) throw ();
| #endif
| /* end confdefs.h.  */
| #include <ac_nonexistent.h>
configure:5615: result: g++ -E
configure:5639: g++ -E  conftest.cc
configure:5645: $? = 0
configure:5677: g++ -E  conftest.cc
conftest.cc:25:28: fatal error: ac_nonexistent.h: No such file or directory
 #include <ac_nonexistent.h>
                            ^
compilation terminated.
configure:5683: $? = 1
configure: failed program was:
| /* confdefs.h.  */
| 
| #define PACKAGE_NAME ""
| #define PACKAGE_TARNAME ""
| #define PACKAGE_VERSION ""
| #define PACKAGE_STRING ""
| #define PACKAGE_BUGREPORT ""
| #define PACKAGE "mod_jk"
| #define VERSION "1.2.32"
| #define STDC_HEADERS 1
| #define HAVE_SYS_TYPES_H 1
| #define HAVE_SYS_STAT_H 1
| #define HAVE_STDLIB_H 1
| #define HAVE_STRING_H 1
| #define HAVE_MEMORY_H 1
| #define HAVE_STRINGS_H 1
| #define HAVE_INTTYPES_H 1
| #define HAVE_STDINT_H 1
| #define HAVE_UNISTD_H 1
| #define HAVE_DLFCN_H 1
| #ifdef __cplusplus
| extern "C" void exit (int) throw ();
| #endif
| /* end confdefs.h.  */
| #include <ac_nonexistent.h>
configure:5778: checking for g77
configure:5807: result: no
configure:5778: checking for f77
configure:5807: result: no
configure:5778: checking for xlf
configure:5807: result: no
configure:5778: checking for frt
configure:5807: result: no
configure:5778: checking for pgf77
configure:5807: result: no
configure:5778: checking for fort77
configure:5807: result: no
configure:5778: checking for fl32
configure:5807: result: no
configure:5778: checking for af77
configure:5807: result: no
configure:5778: checking for f90
configure:5807: result: no
configure:5778: checking for xlf90
configure:5807: result: no
configure:5778: checking for pgf90
configure:5807: result: no
configure:5778: checking for epcf90
configure:5807: result: no
configure:5778: checking for f95
configure:5807: result: no
configure:5778: checking for fort
configure:5807: result: no
configure:5778: checking for xlf95
configure:5807: result: no
configure:5778: checking for ifc
configure:5807: result: no
configure:5778: checking for efc
configure:5807: result: no
configure:5778: checking for pgf95
configure:5807: result: no
configure:5778: checking for lf95
configure:5807: result: no
configure:5778: checking for gfortran
configure:5807: result: no
configure:5819: checking for Fortran 77 compiler version
configure:5822:  --version </dev/null >&5
./configure: line 5823: --version: command not found
configure:5825: $? = 127
configure:5827:  -v </dev/null >&5
./configure: line 5828: -v: command not found
configure:5830: $? = 127
configure:5832:  -V </dev/null >&5
./configure: line 5833: -V: command not found
configure:5835: $? = 127
configure:5843: checking whether we are using the GNU Fortran 77 compiler
configure:5857:  -c  conftest.F >&5
./configure: line 5858: -c: command not found
configure:5863: $? = 127
configure: failed program was:
|       program main
| #ifndef __GNUC__
|        choke me
| #endif
| 
|       end
configure:5889: result: no
configure:5895: checking whether  accepts -g
configure:5907:  -c -g conftest.f >&5
./configure: line 5908: -c: command not found
configure:5913: $? = 127
configure: failed program was:
|       program main
| 
|       end
configure:5938: result: no
configure:5968: checking the maximum length of command line arguments
configure:6033: result: 32768
configure:6044: checking command to parse /usr/bin/nm -B output from gcc object
configure:6133: gcc -c  -DHAVE_CONFIG_H  conftest.c >&5
configure:6136: $? = 0
configure:6140: /usr/bin/nm -B conftest.o \| sed -n -e 's/^.*[ 	]\([ABCDGIRSTW][ABCDGIRSTW]*\)[ 	][ 	]*\(\)\([_A-Za-z][_A-Za-z0-9]*\)$/\1 \2\3 \3/p' \> conftest.nm
configure:6143: $? = 0
configure:6195: gcc -o conftest  -DHAVE_CONFIG_H   conftest.c conftstm.o >&5
configure:6198: $? = 0
configure:6236: result: ok
configure:6240: checking for objdir
configure:6255: result: .libs
configure:6345: checking for ar
configure:6361: found /usr/bin/ar
configure:6372: result: ar
configure:6425: checking for ranlib
configure:6441: found /usr/bin/ranlib
configure:6452: result: ranlib
configure:6505: checking for strip
configure:6521: found /usr/bin/strip
configure:6532: result: strip
configure:6794: checking if gcc static flag  works
configure:6817: result: yes
configure:6835: checking if gcc supports -fno-rtti -fno-exceptions
configure:6853: gcc -c  -DHAVE_CONFIG_H  -fno-rtti -fno-exceptions conftest.c >&5
cc1: warning: command line option '-fno-rtti' is valid for C++/ObjC++ but not for C [enabled by default]
configure:6857: $? = 0
configure:6868: result: no
configure:6883: checking for gcc option to produce PIC
configure:7060: result: -fPIC
configure:7068: checking if gcc PIC flag -fPIC works
configure:7086: gcc -c  -DHAVE_CONFIG_H  -fPIC -DPIC conftest.c >&5
configure:7090: $? = 0
configure:7101: result: yes
configure:7125: checking if gcc supports -c -o file.o
configure:7146: gcc -c  -DHAVE_CONFIG_H  -o out/conftest2.o conftest.c >&5
configure:7150: $? = 0
configure:7170: result: yes
configure:7196: checking whether the gcc linker (/usr/bin/ld -m elf_x86_64) supports shared libraries
configure:8044: result: yes
configure:8070: checking whether -lc should be explicitly linked in
configure:8075: gcc -c  -DHAVE_CONFIG_H  conftest.c >&5
configure:8078: $? = 0
configure:8092: gcc -shared conftest.o  -v -Wl,-soname -Wl,conftest -o conftest 2\>\&1 \| grep  -lc  \>/dev/null 2\>\&1
configure:8095: $? = 0
configure:8107: result: no
configure:8115: checking dynamic linker characteristics
configure:8481: gcc -c  -DHAVE_CONFIG_H  conftest.c >&5
configure:8484: $? = 0
configure:8676: result: GNU/Linux ld.so
configure:8680: checking how to hardcode library paths into programs
configure:8705: result: immediate
configure:8719: checking whether stripping libraries is possible
configure:8724: result: yes
configure:8850: checking for shl_load
configure:8907: gcc -o conftest  -DHAVE_CONFIG_H   conftest.c  >&5
/tmp/ccrm71Xg.o: In function `main':
conftest.c:(.text+0xd): undefined reference to `shl_load'
/tmp/ccrm71Xg.o:(.data+0x0): undefined reference to `shl_load'
collect2: error: ld returned 1 exit status
configure:8913: $? = 1
configure: failed program was:
| /* confdefs.h.  */
| 
| #define PACKAGE_NAME ""
| #define PACKAGE_TARNAME ""
| #define PACKAGE_VERSION ""
| #define PACKAGE_STRING ""
| #define PACKAGE_BUGREPORT ""
| #define PACKAGE "mod_jk"
| #define VERSION "1.2.32"
| #define STDC_HEADERS 1
| #define HAVE_SYS_TYPES_H 1
| #define HAVE_SYS_STAT_H 1
| #define HAVE_STDLIB_H 1
| #define HAVE_STRING_H 1
| #define HAVE_MEMORY_H 1
| #define HAVE_STRINGS_H 1
| #define HAVE_INTTYPES_H 1
| #define HAVE_STDINT_H 1
| #define HAVE_UNISTD_H 1
| #define HAVE_DLFCN_H 1
| #ifdef __cplusplus
| extern "C" void exit (int) throw ();
| #endif
| /* end confdefs.h.  */
| /* Define shl_load to an innocuous variant, in case <limits.h> declares shl_load.
|    For example, HP-UX 11i <limits.h> declares gettimeofday.  */
| #define shl_load innocuous_shl_load
| 
| /* System header to define __stub macros and hopefully few prototypes,
|     which can conflict with char shl_load (); below.
|     Prefer <limits.h> to <assert.h> if __STDC__ is defined, since
|     <limits.h> exists even on freestanding compilers.  */
| 
| #ifdef __STDC__
| # include <limits.h>
| #else
| # include <assert.h>
| #endif
| 
| #undef shl_load
| 
| /* Override any gcc2 internal prototype to avoid an error.  */
| #ifdef __cplusplus
| extern "C"
| {
| #endif
| /* We use char because int might match the return type of a gcc2
|    builtin and then its argument prototype would still apply.  */
| char shl_load ();
| /* The GNU C library defines this for functions which it implements
|     to always fail with ENOSYS.  Some functions are actually named
|     something starting with __ and the normal name is an alias.  */
| #if defined (__stub_shl_load) || defined (__stub___shl_load)
| choke me
| #else
| char (*f) () = shl_load;
| #endif
| #ifdef __cplusplus
| }
| #endif
| 
| int
| main ()
| {
| return f != shl_load;
|   ;
|   return 0;
| }
configure:8938: result: no
configure:8943: checking for shl_load in -ldld
configure:8973: gcc -o conftest  -DHAVE_CONFIG_H   conftest.c -ldld   >&5
/usr/bin/ld: cannot find -ldld
collect2: error: ld returned 1 exit status
configure:8979: $? = 1
configure: failed program was:
| /* confdefs.h.  */
| 
| #define PACKAGE_NAME ""
| #define PACKAGE_TARNAME ""
| #define PACKAGE_VERSION ""
| #define PACKAGE_STRING ""
| #define PACKAGE_BUGREPORT ""
| #define PACKAGE "mod_jk"
| #define VERSION "1.2.32"
| #define STDC_HEADERS 1
| #define HAVE_SYS_TYPES_H 1
| #define HAVE_SYS_STAT_H 1
| #define HAVE_STDLIB_H 1
| #define HAVE_STRING_H 1
| #define HAVE_MEMORY_H 1
| #define HAVE_STRINGS_H 1
| #define HAVE_INTTYPES_H 1
| #define HAVE_STDINT_H 1
| #define HAVE_UNISTD_H 1
| #define HAVE_DLFCN_H 1
| #ifdef __cplusplus
| extern "C" void exit (int) throw ();
| #endif
| /* end confdefs.h.  */
| 
| /* Override any gcc2 internal prototype to avoid an error.  */
| #ifdef __cplusplus
| extern "C"
| #endif
| /* We use char because int might match the return type of a gcc2
|    builtin and then its argument prototype would still apply.  */
| char shl_load ();
| int
| main ()
| {
| shl_load ();
|   ;
|   return 0;
| }
configure:9005: result: no
configure:9010: checking for dlopen
configure:9067: gcc -o conftest  -DHAVE_CONFIG_H   conftest.c  >&5
/tmp/ccIXcDgl.o: In function `main':
conftest.c:(.text+0xd): undefined reference to `dlopen'
/tmp/ccIXcDgl.o:(.data+0x0): undefined reference to `dlopen'
collect2: error: ld returned 1 exit status
configure:9073: $? = 1
configure: failed program was:
| /* confdefs.h.  */
| 
| #define PACKAGE_NAME ""
| #define PACKAGE_TARNAME ""
| #define PACKAGE_VERSION ""
| #define PACKAGE_STRING ""
| #define PACKAGE_BUGREPORT ""
| #define PACKAGE "mod_jk"
| #define VERSION "1.2.32"
| #define STDC_HEADERS 1
| #define HAVE_SYS_TYPES_H 1
| #define HAVE_SYS_STAT_H 1
| #define HAVE_STDLIB_H 1
| #define HAVE_STRING_H 1
| #define HAVE_MEMORY_H 1
| #define HAVE_STRINGS_H 1
| #define HAVE_INTTYPES_H 1
| #define HAVE_STDINT_H 1
| #define HAVE_UNISTD_H 1
| #define HAVE_DLFCN_H 1
| #ifdef __cplusplus
| extern "C" void exit (int) throw ();
| #endif
| /* end confdefs.h.  */
| /* Define dlopen to an innocuous variant, in case <limits.h> declares dlopen.
|    For example, HP-UX 11i <limits.h> declares gettimeofday.  */
| #define dlopen innocuous_dlopen
| 
| /* System header to define __stub macros and hopefully few prototypes,
|     which can conflict with char dlopen (); below.
|     Prefer <limits.h> to <assert.h> if __STDC__ is defined, since
|     <limits.h> exists even on freestanding compilers.  */
| 
| #ifdef __STDC__
| # include <limits.h>
| #else
| # include <assert.h>
| #endif
| 
| #undef dlopen
| 
| /* Override any gcc2 internal prototype to avoid an error.  */
| #ifdef __cplusplus
| extern "C"
| {
| #endif
| /* We use char because int might match the return type of a gcc2
|    builtin and then its argument prototype would still apply.  */
| char dlopen ();
| /* The GNU C library defines this for functions which it implements
|     to always fail with ENOSYS.  Some functions are actually named
|     something starting with __ and the normal name is an alias.  */
| #if defined (__stub_dlopen) || defined (__stub___dlopen)
| choke me
| #else
| char (*f) () = dlopen;
| #endif
| #ifdef __cplusplus
| }
| #endif
| 
| int
| main ()
| {
| return f != dlopen;
|   ;
|   return 0;
| }
configure:9098: result: no
configure:9103: checking for dlopen in -ldl
configure:9133: gcc -o conftest  -DHAVE_CONFIG_H   conftest.c -ldl   >&5
configure:9139: $? = 0
configure:9143: test -z 
			 || test ! -s conftest.err
configure:9146: $? = 0
configure:9149: test -s conftest
configure:9152: $? = 0
configure:9165: result: yes
configure:9340: checking whether a program can dlopen itself
configure:9412: gcc -o conftest  -DHAVE_CONFIG_H  -DHAVE_DLFCN_H  -Wl,--export-dynamic conftest.c -ldl  >&5
configure: In function 'main':
configure:9408:5: warning: incompatible implicit declaration of built-in function 'exit' [enabled by default]
 
     ^
configure:9415: $? = 0
configure:9433: result: yes
configure:9438: checking whether a statically linked program can dlopen itself
configure:9510: gcc -o conftest  -DHAVE_CONFIG_H  -DHAVE_DLFCN_H  -Wl,--export-dynamic  conftest.c -ldl  >&5
configure: In function 'main':
configure:9506:5: warning: incompatible implicit declaration of built-in function 'exit' [enabled by default]
 
     ^
configure:9513: $? = 0
configure:9531: result: yes
configure:9554: checking if libtool supports shared libraries
configure:9556: result: yes
configure:9559: checking whether to build shared libraries
configure:9617: result: yes
configure:9620: checking whether to build static libraries
configure:9624: result: yes
configure:9716: creating libtool
configure:10263: checking for ld used by g++
configure:10330: result: /usr/bin/ld -m elf_x86_64
configure:10339: checking if the linker (/usr/bin/ld -m elf_x86_64) is GNU ld
configure:10354: result: yes
configure:10405: checking whether the g++ linker (/usr/bin/ld -m elf_x86_64) supports shared libraries
configure:11233: result: yes
configure:11251: g++ -c -g -O2  conftest.cc >&5
configure:11254: $? = 0
configure:11350: checking for g++ option to produce PIC
configure:11602: result: -fPIC
configure:11610: checking if g++ PIC flag -fPIC works
configure:11628: g++ -c -g -O2  -fPIC -DPIC conftest.cc >&5
configure:11632: $? = 0
configure:11643: result: yes
configure:11667: checking if g++ supports -c -o file.o
configure:11688: g++ -c -g -O2  -o out/conftest2.o conftest.cc >&5
configure:11692: $? = 0
configure:11712: result: yes
configure:11738: checking whether the g++ linker (/usr/bin/ld -m elf_x86_64) supports shared libraries
configure:11763: result: yes
configure:11834: checking dynamic linker characteristics
configure:12200: g++ -c -g -O2  conftest.cc >&5
configure:12203: $? = 0
configure:12395: result: GNU/Linux ld.so
configure:12399: checking how to hardcode library paths into programs
configure:12424: result: immediate
configure:12438: checking whether stripping libraries is possible
configure:12443: result: yes
configure:12569: checking for shl_load
configure:12657: result: no
configure:12662: checking for shl_load in -ldld
configure:12724: result: no
configure:12729: checking for dlopen
configure:12817: result: no
configure:12822: checking for dlopen in -ldl
configure:12884: result: yes
configure:13059: checking whether a program can dlopen itself
configure:13152: result: yes
configure:13157: checking whether a statically linked program can dlopen itself
configure:13250: result: yes
configure:19724: result: LIBTOOL="/bin/bash /bottlenecks/rubbos/app/apache2/build/libtool --silent"
configure:19730: checking for char
configure:19754: gcc -c  -DHAVE_CONFIG_H  conftest.c >&5
configure:19760: $? = 0
configure:19764: test -z 
			 || test ! -s conftest.err
configure:19767: $? = 0
configure:19770: test -s conftest.o
configure:19773: $? = 0
configure:19784: result: yes
configure:19787: checking size of char
configure:20106: gcc -o conftest  -DHAVE_CONFIG_H   conftest.c  >&5
configure:20109: $? = 0
configure:20111: ./conftest
configure:20114: $? = 0
configure:20137: result: 1
configure:20144: checking for int
configure:20168: gcc -c  -DHAVE_CONFIG_H  conftest.c >&5
configure:20174: $? = 0
configure:20178: test -z 
			 || test ! -s conftest.err
configure:20181: $? = 0
configure:20184: test -s conftest.o
configure:20187: $? = 0
configure:20198: result: yes
configure:20201: checking size of int
configure:20520: gcc -o conftest  -DHAVE_CONFIG_H   conftest.c  >&5
configure:20523: $? = 0
configure:20525: ./conftest
configure:20528: $? = 0
configure:20551: result: 4
configure:20558: checking for long
configure:20582: gcc -c  -DHAVE_CONFIG_H  conftest.c >&5
configure:20588: $? = 0
configure:20592: test -z 
			 || test ! -s conftest.err
configure:20595: $? = 0
configure:20598: test -s conftest.o
configure:20601: $? = 0
configure:20612: result: yes
configure:20615: checking size of long
configure:20934: gcc -o conftest  -DHAVE_CONFIG_H   conftest.c  >&5
configure:20937: $? = 0
configure:20939: ./conftest
configure:20942: $? = 0
configure:20965: result: 8
configure:20972: checking for short
configure:20996: gcc -c  -DHAVE_CONFIG_H  conftest.c >&5
configure:21002: $? = 0
configure:21006: test -z 
			 || test ! -s conftest.err
configure:21009: $? = 0
configure:21012: test -s conftest.o
configure:21015: $? = 0
configure:21026: result: yes
configure:21029: checking size of short
configure:21348: gcc -o conftest  -DHAVE_CONFIG_H   conftest.c  >&5
configure:21351: $? = 0
configure:21353: ./conftest
configure:21356: $? = 0
configure:21379: result: 2
configure:21386: checking for long double
configure:21410: gcc -c  -DHAVE_CONFIG_H  conftest.c >&5
configure:21416: $? = 0
configure:21420: test -z 
			 || test ! -s conftest.err
configure:21423: $? = 0
configure:21426: test -s conftest.o
configure:21429: $? = 0
configure:21440: result: yes
configure:21443: checking size of long double
configure:21762: gcc -o conftest  -DHAVE_CONFIG_H   conftest.c  >&5
configure:21765: $? = 0
configure:21767: ./conftest
configure:21770: $? = 0
configure:21793: result: 16
configure:21800: checking for long long
configure:21824: gcc -c  -DHAVE_CONFIG_H  conftest.c >&5
configure:21830: $? = 0
configure:21834: test -z 
			 || test ! -s conftest.err
configure:21837: $? = 0
configure:21840: test -s conftest.o
configure:21843: $? = 0
configure:21854: result: yes
configure:21857: checking size of long long
configure:22176: gcc -o conftest  -DHAVE_CONFIG_H   conftest.c  >&5
configure:22179: $? = 0
configure:22181: ./conftest
configure:22184: $? = 0
configure:22207: result: 8
configure:22214: checking for longlong
configure:22238: gcc -c  -DHAVE_CONFIG_H  conftest.c >&5
conftest.c: In function 'main':
conftest.c:68:6: error: 'longlong' undeclared (first use in this function)
 if ((longlong *) 0)
      ^
conftest.c:68:6: note: each undeclared identifier is reported only once for each function it appears in
conftest.c:68:16: error: expected expression before ')' token
 if ((longlong *) 0)
                ^
configure:22244: $? = 1
configure: failed program was:
| /* confdefs.h.  */
| 
| #define PACKAGE_NAME ""
| #define PACKAGE_TARNAME ""
| #define PACKAGE_VERSION ""
| #define PACKAGE_STRING ""
| #define PACKAGE_BUGREPORT ""
| #define PACKAGE "mod_jk"
| #define VERSION "1.2.32"
| #define STDC_HEADERS 1
| #define HAVE_SYS_TYPES_H 1
| #define HAVE_SYS_STAT_H 1
| #define HAVE_STDLIB_H 1
| #define HAVE_STRING_H 1
| #define HAVE_MEMORY_H 1
| #define HAVE_STRINGS_H 1
| #define HAVE_INTTYPES_H 1
| #define HAVE_STDINT_H 1
| #define HAVE_UNISTD_H 1
| #define HAVE_DLFCN_H 1
| #ifdef __cplusplus
| extern "C" void exit (int) throw ();
| #endif
| #define SIZEOF_CHAR 1
| #define SIZEOF_INT 4
| #define SIZEOF_LONG 8
| #define SIZEOF_SHORT 2
| #define SIZEOF_LONG_DOUBLE 16
| #define SIZEOF_LONG_LONG 8
| /* end confdefs.h.  */
| #include <stdio.h>
| #if HAVE_SYS_TYPES_H
| # include <sys/types.h>
| #endif
| #if HAVE_SYS_STAT_H
| # include <sys/stat.h>
| #endif
| #if STDC_HEADERS
| # include <stdlib.h>
| # include <stddef.h>
| #else
| # if HAVE_STDLIB_H
| #  include <stdlib.h>
| # endif
| #endif
| #if HAVE_STRING_H
| # if !STDC_HEADERS && HAVE_MEMORY_H
| #  include <memory.h>
| # endif
| # include <string.h>
| #endif
| #if HAVE_STRINGS_H
| # include <strings.h>
| #endif
| #if HAVE_INTTYPES_H
| # include <inttypes.h>
| #else
| # if HAVE_STDINT_H
| #  include <stdint.h>
| # endif
| #endif
| #if HAVE_UNISTD_H
| # include <unistd.h>
| #endif
| int
| main ()
| {
| if ((longlong *) 0)
|   return 0;
| if (sizeof (longlong))
|   return 0;
|   ;
|   return 0;
| }
configure:22268: result: no
configure:22271: checking size of longlong
configure:22621: result: 0
configure:22690: checking size of pid_t
configure:22715: gcc -o conftest  -DHAVE_CONFIG_H   conftest.c  >&5
conftest.c: In function 'main':
conftest.c:37:11: warning: incompatible implicit declaration of built-in function 'exit' [enabled by default]
   if (!f) exit(1);
           ^
conftest.c:38:3: warning: format '%d' expects argument of type 'int', but argument 3 has type 'long unsigned int' [-Wformat=]
   fprintf(f, "%d\n", sizeof(pid_t));
   ^
configure:22718: $? = 0
configure:22720: ./conftest
configure:22723: $? = 0
configure:22737: result: 4
configure:22758: checking size of pthread_t
configure:22783: gcc -o conftest  -DHAVE_CONFIG_H   conftest.c  >&5
conftest.c: In function 'main':
conftest.c:38:11: warning: incompatible implicit declaration of built-in function 'exit' [enabled by default]
   if (!f) exit(1);
           ^
conftest.c:39:3: warning: format '%d' expects argument of type 'int', but argument 3 has type 'long unsigned int' [-Wformat=]
   fprintf(f, "%d\n", sizeof(pthread_t));
   ^
configure:22786: $? = 0
configure:22788: ./conftest
configure:22791: $? = 0
configure:22805: result: 8
configure:22854: checking for snprintf
configure:22911: gcc -o conftest  -DHAVE_CONFIG_H   conftest.c  >&5
conftest.c:58:6: warning: conflicting types for built-in function 'snprintf' [enabled by default]
 char snprintf ();
      ^
configure:22917: $? = 0
configure:22921: test -z 
			 || test ! -s conftest.err
configure:22924: $? = 0
configure:22927: test -s conftest
configure:22930: $? = 0
configure:22942: result: yes
configure:22952: checking for vsnprintf
configure:23009: gcc -o conftest  -DHAVE_CONFIG_H   conftest.c  >&5
conftest.c:59:6: warning: conflicting types for built-in function 'vsnprintf' [enabled by default]
 char vsnprintf ();
      ^
configure:23015: $? = 0
configure:23019: test -z 
			 || test ! -s conftest.err
configure:23022: $? = 0
configure:23025: test -s conftest
configure:23028: $? = 0
configure:23040: result: yes
configure:23050: checking for flock
configure:23107: gcc -o conftest  -DHAVE_CONFIG_H   conftest.c  >&5
configure:23113: $? = 0
configure:23117: test -z 
			 || test ! -s conftest.err
configure:23120: $? = 0
configure:23123: test -s conftest
configure:23126: $? = 0
configure:23138: result: yes
configure:23149: checking for setsockopt in -lsocket
configure:23179: gcc -o conftest  -DHAVE_CONFIG_H   conftest.c -lsocket   >&5
/usr/bin/ld: cannot find -lsocket
collect2: error: ld returned 1 exit status
configure:23185: $? = 1
configure: failed program was:
| /* confdefs.h.  */
| 
| #define PACKAGE_NAME ""
| #define PACKAGE_TARNAME ""
| #define PACKAGE_VERSION ""
| #define PACKAGE_STRING ""
| #define PACKAGE_BUGREPORT ""
| #define PACKAGE "mod_jk"
| #define VERSION "1.2.32"
| #define STDC_HEADERS 1
| #define HAVE_SYS_TYPES_H 1
| #define HAVE_SYS_STAT_H 1
| #define HAVE_STDLIB_H 1
| #define HAVE_STRING_H 1
| #define HAVE_MEMORY_H 1
| #define HAVE_STRINGS_H 1
| #define HAVE_INTTYPES_H 1
| #define HAVE_STDINT_H 1
| #define HAVE_UNISTD_H 1
| #define HAVE_DLFCN_H 1
| #ifdef __cplusplus
| extern "C" void exit (int) throw ();
| #endif
| #define SIZEOF_CHAR 1
| #define SIZEOF_INT 4
| #define SIZEOF_LONG 8
| #define SIZEOF_SHORT 2
| #define SIZEOF_LONG_DOUBLE 16
| #define SIZEOF_LONG_LONG 8
| #define SIZEOF_LONGLONG 0
| #define SIZEOF_PID_T 4
| #define SIZEOF_PTHREAD_T 8
| #define HAVE_SNPRINTF 1
| #define HAVE_VSNPRINTF 1
| #define HAVE_FLOCK 1
| /* end confdefs.h.  */
| 
| /* Override any gcc2 internal prototype to avoid an error.  */
| #ifdef __cplusplus
| extern "C"
| #endif
| /* We use char because int might match the return type of a gcc2
|    builtin and then its argument prototype would still apply.  */
| char setsockopt ();
| int
| main ()
| {
| setsockopt ();
|   ;
|   return 0;
| }
configure:23211: result: no
configure:23232: checking sys/filio.h usability
configure:23244: gcc -c  -DHAVE_CONFIG_H  conftest.c >&5
conftest.c:71:23: fatal error: sys/filio.h: No such file or directory
 #include <sys/filio.h>
                       ^
compilation terminated.
configure:23250: $? = 1
configure: failed program was:
| /* confdefs.h.  */
| 
| #define PACKAGE_NAME ""
| #define PACKAGE_TARNAME ""
| #define PACKAGE_VERSION ""
| #define PACKAGE_STRING ""
| #define PACKAGE_BUGREPORT ""
| #define PACKAGE "mod_jk"
| #define VERSION "1.2.32"
| #define STDC_HEADERS 1
| #define HAVE_SYS_TYPES_H 1
| #define HAVE_SYS_STAT_H 1
| #define HAVE_STDLIB_H 1
| #define HAVE_STRING_H 1
| #define HAVE_MEMORY_H 1
| #define HAVE_STRINGS_H 1
| #define HAVE_INTTYPES_H 1
| #define HAVE_STDINT_H 1
| #define HAVE_UNISTD_H 1
| #define HAVE_DLFCN_H 1
| #ifdef __cplusplus
| extern "C" void exit (int) throw ();
| #endif
| #define SIZEOF_CHAR 1
| #define SIZEOF_INT 4
| #define SIZEOF_LONG 8
| #define SIZEOF_SHORT 2
| #define SIZEOF_LONG_DOUBLE 16
| #define SIZEOF_LONG_LONG 8
| #define SIZEOF_LONGLONG 0
| #define SIZEOF_PID_T 4
| #define SIZEOF_PTHREAD_T 8
| #define HAVE_SNPRINTF 1
| #define HAVE_VSNPRINTF 1
| #define HAVE_FLOCK 1
| /* end confdefs.h.  */
| #include <stdio.h>
| #if HAVE_SYS_TYPES_H
| # include <sys/types.h>
| #endif
| #if HAVE_SYS_STAT_H
| # include <sys/stat.h>
| #endif
| #if STDC_HEADERS
| # include <stdlib.h>
| # include <stddef.h>
| #else
| # if HAVE_STDLIB_H
| #  include <stdlib.h>
| # endif
| #endif
| #if HAVE_STRING_H
| # if !STDC_HEADERS && HAVE_MEMORY_H
| #  include <memory.h>
| # endif
| # include <string.h>
| #endif
| #if HAVE_STRINGS_H
| # include <strings.h>
| #endif
| #if HAVE_INTTYPES_H
| # include <inttypes.h>
| #else
| # if HAVE_STDINT_H
| #  include <stdint.h>
| # endif
| #endif
| #if HAVE_UNISTD_H
| # include <unistd.h>
| #endif
| #include <sys/filio.h>
configure:23273: result: no
configure:23277: checking sys/filio.h presence
configure:23287: gcc -E  conftest.c
conftest.c:37:23: fatal error: sys/filio.h: No such file or directory
 #include <sys/filio.h>
                       ^
compilation terminated.
configure:23293: $? = 1
configure: failed program was:
| /* confdefs.h.  */
| 
| #define PACKAGE_NAME ""
| #define PACKAGE_TARNAME ""
| #define PACKAGE_VERSION ""
| #define PACKAGE_STRING ""
| #define PACKAGE_BUGREPORT ""
| #define PACKAGE "mod_jk"
| #define VERSION "1.2.32"
| #define STDC_HEADERS 1
| #define HAVE_SYS_TYPES_H 1
| #define HAVE_SYS_STAT_H 1
| #define HAVE_STDLIB_H 1
| #define HAVE_STRING_H 1
| #define HAVE_MEMORY_H 1
| #define HAVE_STRINGS_H 1
| #define HAVE_INTTYPES_H 1
| #define HAVE_STDINT_H 1
| #define HAVE_UNISTD_H 1
| #define HAVE_DLFCN_H 1
| #ifdef __cplusplus
| extern "C" void exit (int) throw ();
| #endif
| #define SIZEOF_CHAR 1
| #define SIZEOF_INT 4
| #define SIZEOF_LONG 8
| #define SIZEOF_SHORT 2
| #define SIZEOF_LONG_DOUBLE 16
| #define SIZEOF_LONG_LONG 8
| #define SIZEOF_LONGLONG 0
| #define SIZEOF_PID_T 4
| #define SIZEOF_PTHREAD_T 8
| #define HAVE_SNPRINTF 1
| #define HAVE_VSNPRINTF 1
| #define HAVE_FLOCK 1
| /* end confdefs.h.  */
| #include <sys/filio.h>
configure:23313: result: no
configure:23348: checking for sys/filio.h
configure:23355: result: no
configure:23371: checking whether to use SO_RCVTIMEO with setsockopt()
configure:23416: gcc -o conftest  -DHAVE_CONFIG_H   conftest.c  >&5
conftest.c: In function 'main':
conftest.c:53:9: warning: incompatible implicit declaration of built-in function 'exit' [enabled by default]
         exit(2);
         ^
configure:23419: $? = 0
configure:23421: ./conftest
configure:23424: $? = 0
configure:23426: result: yes
configure:23447: checking whether to use SO_SNDTIMEO with setsockopt()
configure:23492: gcc -o conftest  -DHAVE_CONFIG_H   conftest.c  >&5
conftest.c: In function 'main':
conftest.c:54:9: warning: incompatible implicit declaration of built-in function 'exit' [enabled by default]
         exit(2);
         ^
configure:23495: $? = 0
configure:23497: ./conftest
configure:23500: $? = 0
configure:23502: result: yes
configure:23525: checking whether to use SOCK_CLOEXEC with socket()
configure:23562: gcc -o conftest  -DHAVE_CONFIG_H   conftest.c  >&5
conftest.c: In function 'main':
conftest.c:52:9: warning: incompatible implicit declaration of built-in function 'exit' [enabled by default]
         exit(2);
         ^
configure:23565: $? = 0
configure:23567: ./conftest
configure:23570: $? = 0
configure:23572: result: yes
configure:23607: checking poll.h usability
configure:23619: gcc -c  -DHAVE_CONFIG_H  conftest.c >&5
configure:23625: $? = 0
configure:23629: test -z 
			 || test ! -s conftest.err
configure:23632: $? = 0
configure:23635: test -s conftest.o
configure:23638: $? = 0
configure:23648: result: yes
configure:23652: checking poll.h presence
configure:23662: gcc -E  conftest.c
configure:23668: $? = 0
configure:23688: result: yes
configure:23723: checking for poll.h
configure:23730: result: yes
configure:23743: checking for poll
configure:23800: gcc -o conftest  -DHAVE_CONFIG_H   conftest.c  >&5
configure:23806: $? = 0
configure:23810: test -z 
			 || test ! -s conftest.err
configure:23813: $? = 0
configure:23816: test -s conftest
configure:23819: $? = 0
configure:23831: result: yes
configure:23844: checking for target platform
configure:23868: result: unix
configure:23955: result: no apache given
configure:23981: result: no netscape given
configure:23991: result: jni enable (need JDK)
configure:24133: checking for JDK location (please wait)
configure:24163: result: /bottlenecks/rubbos/app/jdk1.6.0_27
configure:24256: checking Java platform
configure:24269: result: forced Java 1
configure:24296: checking os_type directory
configure:24480: creating ./config.status

## ---------------------- ##
## Running config.status. ##
## ---------------------- ##

This file was extended by config.status, which was
generated by GNU Autoconf 2.59.  Invocation command line was

  CONFIG_FILES    = 
  CONFIG_HEADERS  = 
  CONFIG_LINKS    = 
  CONFIG_COMMANDS = 
  $ ./config.status 

on ubuntu

config.status:760: creating Makefile
config.status:760: creating apache-1.3/Makefile
config.status:760: creating apache-1.3/Makefile.apxs
config.status:760: creating apache-2.0/Makefile
config.status:760: creating apache-2.0/Makefile.apxs
config.status:760: creating common/Makefile
config.status:760: creating common/list.mk
config.status:760: creating common/jk_types.h
config.status:760: creating jni/Makefile
config.status:864: creating common/config.h
config.status:1006: common/config.h is unchanged
config.status:1186: executing depfiles commands
configure:25838: WARNING: ===========================================
configure:25840: WARNING: You have used one of the following options:
configure:25842: WARNING:     --enable-jni
configure:25844: WARNING:     --with-java-home
configure:25846: WARNING:     --with-java-platform
configure:25848: WARNING:     --with-os-type
configure:25850: WARNING: These options are only necessary if
configure:25852: WARNING: you want to use a worker of type jni.
configure:25854: WARNING: These workers have been deprecated.
configure:25856: WARNING: They do not work and will be removed from
configure:25858: WARNING: a future release
configure:25860: WARNING: ===========================================

## ---------------- ##
## Cache variables. ##
## ---------------- ##

ac_cv_build=x86_64-unknown-linux-gnu
ac_cv_build_alias=x86_64-unknown-linux-gnu
ac_cv_c_compiler_gnu=yes
ac_cv_cxx_compiler_gnu=yes
ac_cv_env_CC_set=
ac_cv_env_CC_value=
ac_cv_env_CFLAGS_set=
ac_cv_env_CFLAGS_value=
ac_cv_env_CPPFLAGS_set=
ac_cv_env_CPPFLAGS_value=
ac_cv_env_CPP_set=
ac_cv_env_CPP_value=
ac_cv_env_CXXCPP_set=
ac_cv_env_CXXCPP_value=
ac_cv_env_CXXFLAGS_set=
ac_cv_env_CXXFLAGS_value=
ac_cv_env_CXX_set=
ac_cv_env_CXX_value=
ac_cv_env_F77_set=
ac_cv_env_F77_value=
ac_cv_env_FFLAGS_set=
ac_cv_env_FFLAGS_value=
ac_cv_env_LDFLAGS_set=
ac_cv_env_LDFLAGS_value=
ac_cv_env_build_alias_set=
ac_cv_env_build_alias_value=
ac_cv_env_host_alias_set=
ac_cv_env_host_alias_value=
ac_cv_env_target_alias_set=
ac_cv_env_target_alias_value=
ac_cv_exeext=
ac_cv_f77_compiler_gnu=no
ac_cv_func_dlopen=no
ac_cv_func_flock=yes
ac_cv_func_poll=yes
ac_cv_func_shl_load=no
ac_cv_func_snprintf=yes
ac_cv_func_vsnprintf=yes
ac_cv_header_dlfcn_h=yes
ac_cv_header_inttypes_h=yes
ac_cv_header_memory_h=yes
ac_cv_header_poll_h=yes
ac_cv_header_stdc=yes
ac_cv_header_stdint_h=yes
ac_cv_header_stdlib_h=yes
ac_cv_header_string_h=yes
ac_cv_header_strings_h=yes
ac_cv_header_sys_filio_h=no
ac_cv_header_sys_stat_h=yes
ac_cv_header_sys_types_h=yes
ac_cv_header_unistd_h=yes
ac_cv_host=x86_64-unknown-linux-gnu
ac_cv_host_alias=x86_64-unknown-linux-gnu
ac_cv_lib_dl_dlopen=yes
ac_cv_lib_dld_shl_load=no
ac_cv_lib_socket_setsockopt=no
ac_cv_objext=o
ac_cv_path_CP=/bin/cp
ac_cv_path_ECHO=/bin/echo
ac_cv_path_GREP=/bin/grep
ac_cv_path_MKDIR=/bin/mkdir
ac_cv_path_PERL=/usr/bin/perl
ac_cv_path_RM=/bin/rm
ac_cv_path_SED=/bin/sed
ac_cv_path_TEST=/usr/bin/test
ac_cv_path_install='/usr/bin/install -c'
ac_cv_prog_AWK=gawk
ac_cv_prog_CPP='gcc -E'
ac_cv_prog_CXXCPP='g++ -E'
ac_cv_prog_ac_ct_AR=ar
ac_cv_prog_ac_ct_CC=gcc
ac_cv_prog_ac_ct_CXX=g++
ac_cv_prog_ac_ct_RANLIB=ranlib
ac_cv_prog_ac_ct_STRIP=strip
ac_cv_prog_cc_g=yes
ac_cv_prog_cc_stdc=
ac_cv_prog_cxx_g=yes
ac_cv_prog_egrep='grep -E'
ac_cv_prog_f77_g=no
ac_cv_prog_make_make_set=yes
ac_cv_sizeof_char=1
ac_cv_sizeof_int=4
ac_cv_sizeof_long=8
ac_cv_sizeof_long_double=16
ac_cv_sizeof_long_long=8
ac_cv_sizeof_longlong=0
ac_cv_sizeof_pid_t=4
ac_cv_sizeof_pthread_t=8
ac_cv_sizeof_short=2
ac_cv_target=x86_64-unknown-linux-gnu
ac_cv_target_alias=x86_64-unknown-linux-gnu
ac_cv_type_char=yes
ac_cv_type_int=yes
ac_cv_type_long=yes
ac_cv_type_long_double=yes
ac_cv_type_long_long=yes
ac_cv_type_longlong=no
ac_cv_type_short=yes
am_cv_CC_dependencies_compiler_type=none
am_cv_CXX_dependencies_compiler_type=none
lt_cv_deplibs_check_method=pass_all
lt_cv_dlopen=dlopen
lt_cv_dlopen_libs=-ldl
lt_cv_dlopen_self=yes
lt_cv_dlopen_self_static=yes
lt_cv_file_magic_cmd='$MAGIC_CMD'
lt_cv_file_magic_test_file='/lib/libc.so* /lib/libc-*.so'
lt_cv_ld_reload_flag=-r
lt_cv_objdir=.libs
lt_cv_path_LD=/usr/bin/ld
lt_cv_path_LDCXX='/usr/bin/ld -m elf_x86_64'
lt_cv_path_NM='/usr/bin/nm -B'
lt_cv_path_SED=/bin/sed
lt_cv_prog_compiler_c_o=yes
lt_cv_prog_compiler_c_o_CXX=yes
lt_cv_prog_compiler_rtti_exceptions=no
lt_cv_prog_gnu_ld=yes
lt_cv_prog_gnu_ldcxx=yes
lt_cv_sys_global_symbol_pipe='sed -n -e '\''s/^.*[ 	]\([ABCDGIRSTW][ABCDGIRSTW]*\)[ 	][ 	]*\(\)\([_A-Za-z][_A-Za-z0-9]*\)$/\1 \2\3 \3/p'\'''
lt_cv_sys_global_symbol_to_c_name_address='sed -n -e '\''s/^: \([^ ]*\) $/  {\"\1\", (lt_ptr) 0},/p'\'' -e '\''s/^[BCDEGRST] \([^ ]*\) \([^ ]*\)$/  {"\2", (lt_ptr) \&\2},/p'\'''
lt_cv_sys_global_symbol_to_cdecl='sed -n -e '\''s/^. .* \(.*\)$/extern int \1;/p'\'''
lt_cv_sys_max_cmd_len=32768
lt_lt_cv_prog_compiler_c_o='"yes"'
lt_lt_cv_prog_compiler_c_o_CXX='"yes"'
lt_lt_cv_sys_global_symbol_pipe='"sed -n -e '\''s/^.*[ 	]\\([ABCDGIRSTW][ABCDGIRSTW]*\\)[ 	][ 	]*\\(\\)\\([_A-Za-z][_A-Za-z0-9]*\\)\$/\\1 \\2\\3 \\3/p'\''"'
lt_lt_cv_sys_global_symbol_to_c_name_address='"sed -n -e '\''s/^: \\([^ ]*\\) \$/  {\\\"\\1\\\", (lt_ptr) 0},/p'\'' -e '\''s/^[BCDEGRST] \\([^ ]*\\) \\([^ ]*\\)\$/  {\"\\2\", (lt_ptr) \\&\\2},/p'\''"'
lt_lt_cv_sys_global_symbol_to_cdecl='"sed -n -e '\''s/^. .* \\(.*\\)\$/extern int \\1;/p'\''"'

## ----------------- ##
## Output variables. ##
## ----------------- ##

ACLOCAL='${SHELL} /bottlenecks/rubbos/app/tomcat-connectors-1.2.32-src/native/scripts/build/unix/missing --run aclocal-1.9'
AMDEPBACKSLASH='\'
AMDEP_FALSE='#'
AMDEP_TRUE=''
AMTAR='${SHELL} /bottlenecks/rubbos/app/tomcat-connectors-1.2.32-src/native/scripts/build/unix/missing --run tar'
APACHE20_OEXT='.c'
APACHE_CONFIG_VARS='/bottlenecks/rubbos/app/apache2/build/config_vars.mk'
APACHE_DIR='/bottlenecks/rubbos/app/apache2'
APXS='/bottlenecks/rubbos/app/apache2/bin/apxs'
APXSCFLAGS=' -g -O2 -pthread -DHAVE_APR  -I/bottlenecks/rubbos/app/httpd-2.0.64/srclib/apr/include -I/bottlenecks/rubbos/app/httpd-2.0.64/srclib/apr-util/include  -DHAVE_CONFIG_H -DHAVE_JNI'
APXSCPPFLAGS='-D_REENTRANT -D_GNU_SOURCE'
APXSLDFLAGS=''
AR='ar'
AUTOCONF='${SHELL} /bottlenecks/rubbos/app/tomcat-connectors-1.2.32-src/native/scripts/build/unix/missing --run autoconf'
AUTOHEADER='${SHELL} /bottlenecks/rubbos/app/tomcat-connectors-1.2.32-src/native/scripts/build/unix/missing --run autoheader'
AUTOMAKE='${SHELL} /bottlenecks/rubbos/app/tomcat-connectors-1.2.32-src/native/scripts/build/unix/missing --run automake-1.9'
AWK='gawk'
CC='gcc'
CCDEPMODE='depmode=none'
CFLAGS=' -DHAVE_CONFIG_H -DHAVE_JNI'
CP='/bin/cp'
CPP='gcc -E'
CPPFLAGS=''
CXX='g++'
CXXCPP='g++ -E'
CXXDEPMODE='depmode=none'
CXXFLAGS='-g -O2'
CYGPATH_W='echo'
DEFS='-DHAVE_CONFIG_H'
DEPDIR='.deps'
ECHO='/bin/echo'
ECHO_C=''
ECHO_N='-n'
ECHO_T=''
EGREP='grep -E'
EXEEXT=''
F77=''
FFLAGS=''
GREP='/bin/grep'
INSTALL_DATA='${INSTALL} -m 644'
INSTALL_PROGRAM='${INSTALL}'
INSTALL_SCRIPT='${INSTALL}'
INSTALL_STRIP_PROGRAM='${SHELL} $(install_sh) -c -s'
INSTALL_TYPE='install_dynamic'
JAVA_HOME='/bottlenecks/rubbos/app/jdk1.6.0_27'
JK_JNI_WORKER='${JK}jk_jni_worker${OEXT}'
LDFLAGS=''
LIBOBJS=''
LIBS=''
LIBTOOL='/bin/bash /bottlenecks/rubbos/app/apache2/build/libtool --silent'
LIB_JK_TYPE='mod_jk.so'
LN_S='ln -s'
LTLIBOBJS=''
MAKEINFO='${SHELL} /bottlenecks/rubbos/app/tomcat-connectors-1.2.32-src/native/scripts/build/unix/missing --run makeinfo'
MAKE_DYNAMIC_APACHE_FALSE='#'
MAKE_DYNAMIC_APACHE_TRUE=''
MKDIR='/bin/mkdir'
OBJEXT='o'
OS='linux'
PACKAGE='mod_jk'
PACKAGE_BUGREPORT=''
PACKAGE_NAME=''
PACKAGE_STRING=''
PACKAGE_TARNAME=''
PACKAGE_VERSION=''
PATH_SEPARATOR=':'
PERL='/usr/bin/perl'
RANLIB='ranlib'
RM='/bin/rm'
SED='/bin/sed'
SET_MAKE=''
SHELL='/bin/bash'
STRIP='strip'
TEST='/usr/bin/test'
VERSION='1.2.32'
WEBSERVER='common jni apache-2.0'
ac_ct_AR='ar'
ac_ct_CC='gcc'
ac_ct_CXX='g++'
ac_ct_F77=''
ac_ct_RANLIB='ranlib'
ac_ct_STRIP='strip'
am__fastdepCC_FALSE=''
am__fastdepCC_TRUE='#'
am__fastdepCXX_FALSE=''
am__fastdepCXX_TRUE='#'
am__include='include'
am__leading_dot='.'
am__quote=''
am__tar='${AMTAR} chof - "$$tardir"'
am__untar='${AMTAR} xf -'
apache_include='-I/bottlenecks/rubbos/app/apache2/include'
bindir='${exec_prefix}/bin'
build='x86_64-unknown-linux-gnu'
build_alias=''
build_cpu='x86_64'
build_os='linux-gnu'
build_vendor='unknown'
datadir='${prefix}/share'
exec_prefix='${prefix}'
host='x86_64-unknown-linux-gnu'
host_alias=''
host_cpu='x86_64'
host_os='linux-gnu'
host_vendor='unknown'
includedir='${prefix}/include'
infodir='${prefix}/info'
install_sh='/bottlenecks/rubbos/app/tomcat-connectors-1.2.32-src/native/scripts/build/unix/install-sh'
int32_t_fmt='#define JK_INT32_T_FMT "d"'
int32_value='int'
int64_t_fmt='#define JK_INT64_T_FMT "ld"'
int64_value='long'
libdir='${exec_prefix}/lib'
libexecdir='${exec_prefix}/libexec'
localstatedir='${prefix}/var'
mandir='${prefix}/man'
mkdir_p='mkdir -p --'
oldincludedir='/usr/include'
pid_t_fmt='#define JK_PID_T_FMT "d"'
prefix='/usr/local'
program_transform_name='s,x,x,'
pthread_t_fmt='#define JK_PTHREAD_T_FMT "lu"'
pthread_t_value='long'
sbindir='${exec_prefix}/sbin'
sharedstatedir='${prefix}/com'
sysconfdir='${prefix}/etc'
target='x86_64-unknown-linux-gnu'
target_alias=''
target_cpu='x86_64'
target_os='linux-gnu'
target_vendor='unknown'
uint32_t_fmt='#define JK_UINT32_T_FMT "u"'
uint32_t_hex_fmt='#define JK_UINT32_T_HEX_FMT "x"'
uint64_t_fmt='#define JK_UINT64_T_FMT "lu"'
uint64_t_hex_fmt='#define JK_UINT64_T_HEX_FMT "lx"'

## ----------- ##
## confdefs.h. ##
## ----------- ##

#define HAVE_DLFCN_H 1
#define HAVE_FLOCK 1
#define HAVE_INTTYPES_H 1
#define HAVE_MEMORY_H 1
#define HAVE_POLL 1
#define HAVE_POLL_H 1
#define HAVE_SNPRINTF 1
#define HAVE_STDINT_H 1
#define HAVE_STDLIB_H 1
#define HAVE_STRINGS_H 1
#define HAVE_STRING_H 1
#define HAVE_SYS_STAT_H 1
#define HAVE_SYS_TYPES_H 1
#define HAVE_UNISTD_H 1
#define HAVE_VSNPRINTF 1
#define PACKAGE "mod_jk"
#define PACKAGE_BUGREPORT ""
#define PACKAGE_NAME ""
#define PACKAGE_STRING ""
#define PACKAGE_TARNAME ""
#define PACKAGE_VERSION ""
#define SIZEOF_CHAR 1
#define SIZEOF_INT 4
#define SIZEOF_LONG 8
#define SIZEOF_LONGLONG 0
#define SIZEOF_LONG_DOUBLE 16
#define SIZEOF_LONG_LONG 8
#define SIZEOF_PID_T 4
#define SIZEOF_PTHREAD_T 8
#define SIZEOF_SHORT 2
#define STDC_HEADERS 1
#define USE_SOCK_CLOEXEC 1
#define USE_SO_RCVTIMEO 1
#define USE_SO_SNDTIMEO 1
#define VERSION "1.2.32"
#endif
#ifdef __cplusplus
extern "C" void exit (int) throw ();

configure: exit 0
